<?xml version="1.0" encoding="UTF-8"?>
<robot generator="Robot 7.4 (Python 3.13.2 on win32)" generated="2025-12-21T18:28:20.485570" rpa="false" schemaversion="5">
<suite id="s1" name="Test Suite" source="C:\Users\Aiswarya\PycharmProjects\final project 03\tests\test_suite.robot">
<kw name="Open Browser To Saucedemo" owner="common_keywords" type="SETUP">
<kw name="Open Browser" owner="SeleniumLibrary">
<msg time="2025-12-21T18:28:21.263248" level="INFO">Opening browser 'chrome' to base url 'https://www.saucedemo.com/'.</msg>
<arg>${URL}</arg>
<arg>${BROWSER}</arg>
<doc>Opens a new browser instance to the optional ``url``.</doc>
<status status="PASS" start="2025-12-21T18:28:21.262800" elapsed="5.114998"/>
</kw>
<kw name="Maximize Browser Window" owner="SeleniumLibrary">
<doc>Maximizes current browser window.</doc>
<status status="PASS" start="2025-12-21T18:28:26.381456" elapsed="0.158859"/>
</kw>
<kw name="Set Selenium Timeout" owner="SeleniumLibrary">
<arg>15s</arg>
<doc>Sets the timeout that is used by various keywords.</doc>
<status status="PASS" start="2025-12-21T18:28:26.540832" elapsed="0.011019"/>
</kw>
<kw name="Set Selenium Speed" owner="SeleniumLibrary">
<arg>0.2s</arg>
<doc>Sets the delay that is waited after each Selenium command.</doc>
<status status="PASS" start="2025-12-21T18:28:26.552290" elapsed="0.000638"/>
</kw>
<status status="PASS" start="2025-12-21T18:28:21.261325" elapsed="5.292206"/>
</kw>
<test id="s1-t1" name="Test-Case-1 Login With Valid Users" line="14">
<for flavor="IN">
<iter>
<kw name="Go To" owner="SeleniumLibrary">
<msg time="2025-12-21T18:28:26.576191" level="INFO">Opening url 'https://www.saucedemo.com/'</msg>
<arg>${URL}</arg>
<doc>Navigates the current browser window to the provided ``url``.</doc>
<status status="PASS" start="2025-12-21T18:28:26.575678" elapsed="0.495674"/>
</kw>
<kw name="Login User" owner="login_page">
<kw name="Wait Until Element Is Visible" owner="SeleniumLibrary">
<arg>id:user-name</arg>
<arg>10s</arg>
<doc>Waits until the element ``locator`` is visible.</doc>
<status status="PASS" start="2025-12-21T18:28:27.075201" elapsed="0.605463"/>
</kw>
<kw name="Wait Until Element Is Enabled" owner="SeleniumLibrary">
<arg>id:user-name</arg>
<arg>10s</arg>
<doc>Waits until the element ``locator`` is enabled.</doc>
<status status="PASS" start="2025-12-21T18:28:27.681147" elapsed="0.650897"/>
</kw>
<kw name="Clear Element Text" owner="SeleniumLibrary">
<arg>id:user-name</arg>
<doc>Clears the value of the text-input-element identified by ``locator``.</doc>
<status status="PASS" start="2025-12-21T18:28:28.332383" elapsed="0.499483"/>
</kw>
<kw name="Input Text" owner="SeleniumLibrary">
<msg time="2025-12-21T18:28:28.832825" level="INFO">Typing text 'standard_user' into text field 'id:user-name'.</msg>
<arg>id:user-name</arg>
<arg>${username}</arg>
<doc>Types the given ``text`` into the text field identified by ``locator``.</doc>
<status status="PASS" start="2025-12-21T18:28:28.832317" elapsed="0.888651"/>
</kw>
<kw name="Clear Element Text" owner="SeleniumLibrary">
<arg>id:password</arg>
<doc>Clears the value of the text-input-element identified by ``locator``.</doc>
<status status="PASS" start="2025-12-21T18:28:29.721495" elapsed="0.499717"/>
</kw>
<kw name="Input Text" owner="SeleniumLibrary">
<msg time="2025-12-21T18:28:30.222242" level="INFO">Typing text 'secret_sauce' into text field 'id:password'.</msg>
<arg>id:password</arg>
<arg>${password}</arg>
<doc>Types the given ``text`` into the text field identified by ``locator``.</doc>
<status status="PASS" start="2025-12-21T18:28:30.221766" elapsed="0.823202"/>
</kw>
<kw name="Wait Until Element Is Enabled" owner="SeleniumLibrary">
<arg>id:login-button</arg>
<doc>Waits until the element ``locator`` is enabled.</doc>
<status status="PASS" start="2025-12-21T18:28:31.045284" elapsed="0.659762"/>
</kw>
<kw name="Click Button" owner="SeleniumLibrary">
<msg time="2025-12-21T18:28:31.706101" level="INFO">Clicking button 'id:login-button'.</msg>
<arg>id:login-button</arg>
<doc>Clicks the button identified by ``locator``.</doc>
<status status="PASS" start="2025-12-21T18:28:31.705580" elapsed="0.891819"/>
</kw>
<arg>${user}</arg>
<arg>${PASSWORD}</arg>
<status status="PASS" start="2025-12-21T18:28:27.073000" elapsed="5.524725"/>
</kw>
<kw name="Verify Login Success" owner="common_keywords">
<kw name="Wait Until Page Contains Element" owner="SeleniumLibrary">
<arg>class:inventory_list</arg>
<arg>10s</arg>
<doc>Waits until the element ``locator`` appears on the current page.</doc>
<status status="PASS" start="2025-12-21T18:28:32.598963" elapsed="0.224497"/>
</kw>
<status status="PASS" start="2025-12-21T18:28:32.598250" elapsed="0.225420"/>
</kw>
<kw name="Reset App State" owner="cart_page">
<kw name="Run Keyword And Ignore Error" owner="BuiltIn">
<kw name="Click Element" owner="SeleniumLibrary">
<msg time="2025-12-21T18:28:32.825584" level="INFO">Clicking element 'id:react-burger-menu-btn'.</msg>
<arg>id:react-burger-menu-btn</arg>
<doc>Click the element identified by ``locator``.</doc>
<status status="PASS" start="2025-12-21T18:28:32.825297" elapsed="0.555415"/>
</kw>
<arg>Click Element</arg>
<arg>id:react-burger-menu-btn</arg>
<doc>Runs the given keyword with the given arguments and ignores possible error.</doc>
<status status="PASS" start="2025-12-21T18:28:32.824512" elapsed="0.556399"/>
</kw>
<kw name="Run Keyword And Ignore Error" owner="BuiltIn">
<kw name="Click Element" owner="SeleniumLibrary">
<msg time="2025-12-21T18:28:33.382088" level="INFO">Clicking element 'id:reset_sidebar_link'.</msg>
<arg>id:reset_sidebar_link</arg>
<doc>Click the element identified by ``locator``.</doc>
<status status="PASS" start="2025-12-21T18:28:33.381821" elapsed="0.579111"/>
</kw>
<arg>Click Element</arg>
<arg>id:reset_sidebar_link</arg>
<doc>Runs the given keyword with the given arguments and ignores possible error.</doc>
<status status="PASS" start="2025-12-21T18:28:33.381186" elapsed="0.579913"/>
</kw>
<status status="PASS" start="2025-12-21T18:28:32.824011" elapsed="1.137227"/>
</kw>
<var name="${user}">standard_user</var>
<status status="PASS" start="2025-12-21T18:28:26.575285" elapsed="7.386029"/>
</iter>
<iter>
<kw name="Go To" owner="SeleniumLibrary">
<msg time="2025-12-21T18:28:33.962057" level="INFO">Opening url 'https://www.saucedemo.com/'</msg>
<arg>${URL}</arg>
<doc>Navigates the current browser window to the provided ``url``.</doc>
<status status="PASS" start="2025-12-21T18:28:33.961817" elapsed="0.577774"/>
</kw>
<kw name="Login User" owner="login_page">
<kw name="Wait Until Element Is Visible" owner="SeleniumLibrary">
<arg>id:user-name</arg>
<arg>10s</arg>
<doc>Waits until the element ``locator`` is visible.</doc>
<status status="PASS" start="2025-12-21T18:28:34.541290" elapsed="0.443761"/>
</kw>
<kw name="Wait Until Element Is Enabled" owner="SeleniumLibrary">
<arg>id:user-name</arg>
<arg>10s</arg>
<doc>Waits until the element ``locator`` is enabled.</doc>
<status status="PASS" start="2025-12-21T18:28:34.985932" elapsed="0.665852"/>
</kw>
<kw name="Clear Element Text" owner="SeleniumLibrary">
<arg>id:user-name</arg>
<doc>Clears the value of the text-input-element identified by ``locator``.</doc>
<status status="PASS" start="2025-12-21T18:28:35.652090" elapsed="0.466357"/>
</kw>
<kw name="Input Text" owner="SeleniumLibrary">
<msg time="2025-12-21T18:28:36.119170" level="INFO">Typing text 'performance_glitch_user' into text field 'id:user-name'.</msg>
<arg>id:user-name</arg>
<arg>${username}</arg>
<doc>Types the given ``text`` into the text field identified by ``locator``.</doc>
<status status="PASS" start="2025-12-21T18:28:36.118773" elapsed="0.915341"/>
</kw>
<kw name="Clear Element Text" owner="SeleniumLibrary">
<arg>id:password</arg>
<doc>Clears the value of the text-input-element identified by ``locator``.</doc>
<status status="PASS" start="2025-12-21T18:28:37.034604" elapsed="0.552104"/>
</kw>
<kw name="Input Text" owner="SeleniumLibrary">
<msg time="2025-12-21T18:28:37.587570" level="INFO">Typing text 'secret_sauce' into text field 'id:password'.</msg>
<arg>id:password</arg>
<arg>${password}</arg>
<doc>Types the given ``text`` into the text field identified by ``locator``.</doc>
<status status="PASS" start="2025-12-21T18:28:37.587100" elapsed="0.792105"/>
</kw>
<kw name="Wait Until Element Is Enabled" owner="SeleniumLibrary">
<arg>id:login-button</arg>
<doc>Waits until the element ``locator`` is enabled.</doc>
<status status="PASS" start="2025-12-21T18:28:38.379720" elapsed="0.662439"/>
</kw>
<kw name="Click Button" owner="SeleniumLibrary">
<msg time="2025-12-21T18:28:39.042744" level="INFO">Clicking button 'id:login-button'.</msg>
<arg>id:login-button</arg>
<doc>Clicks the button identified by ``locator``.</doc>
<status status="PASS" start="2025-12-21T18:28:39.042454" elapsed="5.790798"/>
</kw>
<arg>${user}</arg>
<arg>${PASSWORD}</arg>
<status status="PASS" start="2025-12-21T18:28:34.540220" elapsed="10.293220"/>
</kw>
<kw name="Verify Login Success" owner="common_keywords">
<kw name="Wait Until Page Contains Element" owner="SeleniumLibrary">
<arg>class:inventory_list</arg>
<arg>10s</arg>
<doc>Waits until the element ``locator`` appears on the current page.</doc>
<status status="PASS" start="2025-12-21T18:28:44.834174" elapsed="0.215714"/>
</kw>
<status status="PASS" start="2025-12-21T18:28:44.833746" elapsed="0.216336"/>
</kw>
<kw name="Reset App State" owner="cart_page">
<kw name="Run Keyword And Ignore Error" owner="BuiltIn">
<kw name="Click Element" owner="SeleniumLibrary">
<msg time="2025-12-21T18:28:45.051590" level="INFO">Clicking element 'id:react-burger-menu-btn'.</msg>
<arg>id:react-burger-menu-btn</arg>
<doc>Click the element identified by ``locator``.</doc>
<status status="PASS" start="2025-12-21T18:28:45.051322" elapsed="0.516654"/>
</kw>
<arg>Click Element</arg>
<arg>id:react-burger-menu-btn</arg>
<doc>Runs the given keyword with the given arguments and ignores possible error.</doc>
<status status="PASS" start="2025-12-21T18:28:45.050808" elapsed="0.517819"/>
</kw>
<kw name="Run Keyword And Ignore Error" owner="BuiltIn">
<kw name="Click Element" owner="SeleniumLibrary">
<msg time="2025-12-21T18:28:45.573680" level="INFO">Clicking element 'id:reset_sidebar_link'.</msg>
<arg>id:reset_sidebar_link</arg>
<doc>Click the element identified by ``locator``.</doc>
<status status="PASS" start="2025-12-21T18:28:45.572433" elapsed="0.545498"/>
</kw>
<arg>Click Element</arg>
<arg>id:reset_sidebar_link</arg>
<doc>Runs the given keyword with the given arguments and ignores possible error.</doc>
<status status="PASS" start="2025-12-21T18:28:45.569307" elapsed="0.548792"/>
</kw>
<status status="PASS" start="2025-12-21T18:28:45.050378" elapsed="1.067865"/>
</kw>
<var name="${user}">performance_glitch_user</var>
<status status="PASS" start="2025-12-21T18:28:33.961603" elapsed="12.156716"/>
</iter>
<iter>
<kw name="Go To" owner="SeleniumLibrary">
<msg time="2025-12-21T18:28:46.119043" level="INFO">Opening url 'https://www.saucedemo.com/'</msg>
<arg>${URL}</arg>
<doc>Navigates the current browser window to the provided ``url``.</doc>
<status status="PASS" start="2025-12-21T18:28:46.118794" elapsed="0.299508"/>
</kw>
<kw name="Login User" owner="login_page">
<kw name="Wait Until Element Is Visible" owner="SeleniumLibrary">
<arg>id:user-name</arg>
<arg>10s</arg>
<doc>Waits until the element ``locator`` is visible.</doc>
<status status="PASS" start="2025-12-21T18:28:46.419283" elapsed="0.432783"/>
</kw>
<kw name="Wait Until Element Is Enabled" owner="SeleniumLibrary">
<arg>id:user-name</arg>
<arg>10s</arg>
<doc>Waits until the element ``locator`` is enabled.</doc>
<status status="PASS" start="2025-12-21T18:28:46.852525" elapsed="0.640906"/>
</kw>
<kw name="Clear Element Text" owner="SeleniumLibrary">
<arg>id:user-name</arg>
<doc>Clears the value of the text-input-element identified by ``locator``.</doc>
<status status="PASS" start="2025-12-21T18:28:47.493731" elapsed="0.461755"/>
</kw>
<kw name="Input Text" owner="SeleniumLibrary">
<msg time="2025-12-21T18:28:47.956153" level="INFO">Typing text 'problem_user' into text field 'id:user-name'.</msg>
<arg>id:user-name</arg>
<arg>${username}</arg>
<doc>Types the given ``text`` into the text field identified by ``locator``.</doc>
<status status="PASS" start="2025-12-21T18:28:47.955786" elapsed="0.830259"/>
</kw>
<kw name="Clear Element Text" owner="SeleniumLibrary">
<arg>id:password</arg>
<doc>Clears the value of the text-input-element identified by ``locator``.</doc>
<status status="PASS" start="2025-12-21T18:28:48.786336" elapsed="0.460632"/>
</kw>
<kw name="Input Text" owner="SeleniumLibrary">
<msg time="2025-12-21T18:28:49.247632" level="INFO">Typing text 'secret_sauce' into text field 'id:password'.</msg>
<arg>id:password</arg>
<arg>${password}</arg>
<doc>Types the given ``text`` into the text field identified by ``locator``.</doc>
<status status="PASS" start="2025-12-21T18:28:49.247274" elapsed="0.781991"/>
</kw>
<kw name="Wait Until Element Is Enabled" owner="SeleniumLibrary">
<arg>id:login-button</arg>
<doc>Waits until the element ``locator`` is enabled.</doc>
<status status="PASS" start="2025-12-21T18:28:50.029572" elapsed="0.645710"/>
</kw>
<kw name="Click Button" owner="SeleniumLibrary">
<msg time="2025-12-21T18:28:50.675864" level="INFO">Clicking button 'id:login-button'.</msg>
<arg>id:login-button</arg>
<doc>Clicks the button identified by ``locator``.</doc>
<status status="PASS" start="2025-12-21T18:28:50.675579" elapsed="0.761457"/>
</kw>
<arg>${user}</arg>
<arg>${PASSWORD}</arg>
<status status="PASS" start="2025-12-21T18:28:46.418711" elapsed="5.018513"/>
</kw>
<kw name="Verify Login Success" owner="common_keywords">
<kw name="Wait Until Page Contains Element" owner="SeleniumLibrary">
<arg>class:inventory_list</arg>
<arg>10s</arg>
<doc>Waits until the element ``locator`` appears on the current page.</doc>
<status status="PASS" start="2025-12-21T18:28:51.437979" elapsed="0.215122"/>
</kw>
<status status="PASS" start="2025-12-21T18:28:51.437526" elapsed="0.215774"/>
</kw>
<kw name="Reset App State" owner="cart_page">
<kw name="Run Keyword And Ignore Error" owner="BuiltIn">
<kw name="Click Element" owner="SeleniumLibrary">
<msg time="2025-12-21T18:28:51.654778" level="INFO">Clicking element 'id:react-burger-menu-btn'.</msg>
<arg>id:react-burger-menu-btn</arg>
<doc>Click the element identified by ``locator``.</doc>
<status status="PASS" start="2025-12-21T18:28:51.654528" elapsed="0.513917"/>
</kw>
<arg>Click Element</arg>
<arg>id:react-burger-menu-btn</arg>
<doc>Runs the given keyword with the given arguments and ignores possible error.</doc>
<status status="PASS" start="2025-12-21T18:28:51.654013" elapsed="0.514637"/>
</kw>
<kw name="Run Keyword And Ignore Error" owner="BuiltIn">
<kw name="Click Element" owner="SeleniumLibrary">
<msg time="2025-12-21T18:28:52.170295" level="INFO">Clicking element 'id:reset_sidebar_link'.</msg>
<arg>id:reset_sidebar_link</arg>
<doc>Click the element identified by ``locator``.</doc>
<status status="PASS" start="2025-12-21T18:28:52.169985" elapsed="0.537746"/>
</kw>
<arg>Click Element</arg>
<arg>id:reset_sidebar_link</arg>
<doc>Runs the given keyword with the given arguments and ignores possible error.</doc>
<status status="PASS" start="2025-12-21T18:28:52.169104" elapsed="0.538806"/>
</kw>
<status status="PASS" start="2025-12-21T18:28:51.653588" elapsed="1.054475"/>
</kw>
<var name="${user}">problem_user</var>
<status status="PASS" start="2025-12-21T18:28:46.118582" elapsed="6.589566"/>
</iter>
<var>${user}</var>
<value>@{VALID_USERS}</value>
<status status="PASS" start="2025-12-21T18:28:26.574549" elapsed="26.133716"/>
</for>
<status status="PASS" start="2025-12-21T18:28:26.553969" elapsed="26.154870"/>
</test>
<test id="s1-t2" name="Test-Case-2 Login With Invalid Credentials" line="22">
<kw name="Login User" owner="login_page">
<kw name="Wait Until Element Is Visible" owner="SeleniumLibrary">
<msg time="2025-12-21T18:29:03.529090" level="INFO" html="true">&lt;/td&gt;&lt;/tr&gt;&lt;tr&gt;&lt;td colspan="3"&gt;&lt;a href="selenium-screenshot-1.png"&gt;&lt;img src="selenium-screenshot-1.png" width="800px"&gt;&lt;/a&gt;</msg>
<msg time="2025-12-21T18:29:03.529561" level="FAIL">Element 'id:user-name' not visible after 10 seconds.</msg>
<arg>id:user-name</arg>
<arg>10s</arg>
<doc>Waits until the element ``locator`` is visible.</doc>
<status status="FAIL" start="2025-12-21T18:28:52.712497" elapsed="10.824811">Element 'id:user-name' not visible after 10 seconds.</status>
</kw>
<kw name="Wait Until Element Is Enabled" owner="SeleniumLibrary">
<arg>id:user-name</arg>
<arg>10s</arg>
<doc>Waits until the element ``locator`` is enabled.</doc>
<status status="NOT RUN" start="2025-12-21T18:29:03.537661" elapsed="0.000067"/>
</kw>
<kw name="Clear Element Text" owner="SeleniumLibrary">
<arg>id:user-name</arg>
<doc>Clears the value of the text-input-element identified by ``locator``.</doc>
<status status="NOT RUN" start="2025-12-21T18:29:03.537959" elapsed="0.000055"/>
</kw>
<kw name="Input Text" owner="SeleniumLibrary">
<arg>id:user-name</arg>
<arg>${username}</arg>
<doc>Types the given ``text`` into the text field identified by ``locator``.</doc>
<status status="NOT RUN" start="2025-12-21T18:29:03.538221" elapsed="0.000058"/>
</kw>
<kw name="Clear Element Text" owner="SeleniumLibrary">
<arg>id:password</arg>
<doc>Clears the value of the text-input-element identified by ``locator``.</doc>
<status status="NOT RUN" start="2025-12-21T18:29:03.538490" elapsed="0.000050"/>
</kw>
<kw name="Input Text" owner="SeleniumLibrary">
<arg>id:password</arg>
<arg>${password}</arg>
<doc>Types the given ``text`` into the text field identified by ``locator``.</doc>
<status status="NOT RUN" start="2025-12-21T18:29:03.538742" elapsed="0.000051"/>
</kw>
<kw name="Wait Until Element Is Enabled" owner="SeleniumLibrary">
<arg>id:login-button</arg>
<doc>Waits until the element ``locator`` is enabled.</doc>
<status status="NOT RUN" start="2025-12-21T18:29:03.539005" elapsed="0.000050"/>
</kw>
<kw name="Click Button" owner="SeleniumLibrary">
<arg>id:login-button</arg>
<doc>Clicks the button identified by ``locator``.</doc>
<status status="NOT RUN" start="2025-12-21T18:29:03.539251" elapsed="0.000051"/>
</kw>
<arg>${INVALID_USER}</arg>
<arg>${PASSWORD}</arg>
<status status="FAIL" start="2025-12-21T18:28:52.711939" elapsed="10.827596">Element 'id:user-name' not visible after 10 seconds.</status>
</kw>
<kw name="Verify Login Failure">
<status status="NOT RUN" start="2025-12-21T18:29:03.540105" elapsed="0.000069"/>
</kw>
<status status="FAIL" start="2025-12-21T18:28:52.711055" elapsed="10.829562">Element 'id:user-name' not visible after 10 seconds.</status>
</test>
<test id="s1-t3" name="Test-Case-3 Validate Logout" line="26">
<kw name="Login User" owner="login_page">
<kw name="Wait Until Element Is Visible" owner="SeleniumLibrary">
<msg time="2025-12-21T18:29:14.179407" level="INFO" html="true">&lt;/td&gt;&lt;/tr&gt;&lt;tr&gt;&lt;td colspan="3"&gt;&lt;a href="selenium-screenshot-2.png"&gt;&lt;img src="selenium-screenshot-2.png" width="800px"&gt;&lt;/a&gt;</msg>
<msg time="2025-12-21T18:29:14.179762" level="FAIL">Element 'id:user-name' not visible after 10 seconds.</msg>
<arg>id:user-name</arg>
<arg>10s</arg>
<doc>Waits until the element ``locator`` is visible.</doc>
<status status="FAIL" start="2025-12-21T18:29:03.544599" elapsed="10.637285">Element 'id:user-name' not visible after 10 seconds.</status>
</kw>
<kw name="Wait Until Element Is Enabled" owner="SeleniumLibrary">
<arg>id:user-name</arg>
<arg>10s</arg>
<doc>Waits until the element ``locator`` is enabled.</doc>
<status status="NOT RUN" start="2025-12-21T18:29:14.182318" elapsed="0.000073"/>
</kw>
<kw name="Clear Element Text" owner="SeleniumLibrary">
<arg>id:user-name</arg>
<doc>Clears the value of the text-input-element identified by ``locator``.</doc>
<status status="NOT RUN" start="2025-12-21T18:29:14.182620" elapsed="0.000054"/>
</kw>
<kw name="Input Text" owner="SeleniumLibrary">
<arg>id:user-name</arg>
<arg>${username}</arg>
<doc>Types the given ``text`` into the text field identified by ``locator``.</doc>
<status status="NOT RUN" start="2025-12-21T18:29:14.182881" elapsed="0.000052"/>
</kw>
<kw name="Clear Element Text" owner="SeleniumLibrary">
<arg>id:password</arg>
<doc>Clears the value of the text-input-element identified by ``locator``.</doc>
<status status="NOT RUN" start="2025-12-21T18:29:14.183139" elapsed="0.000051"/>
</kw>
<kw name="Input Text" owner="SeleniumLibrary">
<arg>id:password</arg>
<arg>${password}</arg>
<doc>Types the given ``text`` into the text field identified by ``locator``.</doc>
<status status="NOT RUN" start="2025-12-21T18:29:14.183387" elapsed="0.000050"/>
</kw>
<kw name="Wait Until Element Is Enabled" owner="SeleniumLibrary">
<arg>id:login-button</arg>
<doc>Waits until the element ``locator`` is enabled.</doc>
<status status="NOT RUN" start="2025-12-21T18:29:14.183647" elapsed="0.000051"/>
</kw>
<kw name="Click Button" owner="SeleniumLibrary">
<arg>id:login-button</arg>
<doc>Clicks the button identified by ``locator``.</doc>
<status status="NOT RUN" start="2025-12-21T18:29:14.183895" elapsed="0.000049"/>
</kw>
<arg>standard_user</arg>
<arg>${PASSWORD}</arg>
<status status="FAIL" start="2025-12-21T18:29:03.544019" elapsed="10.640144">Element 'id:user-name' not visible after 10 seconds.</status>
</kw>
<kw name="Click Element" owner="SeleniumLibrary">
<arg>id:react-burger-menu-btn</arg>
<doc>Click the element identified by ``locator``.</doc>
<status status="NOT RUN" start="2025-12-21T18:29:14.184690" elapsed="0.000066"/>
</kw>
<kw name="Click Element" owner="SeleniumLibrary">
<arg>id:logout_sidebar_link</arg>
<doc>Click the element identified by ``locator``.</doc>
<status status="NOT RUN" start="2025-12-21T18:29:14.185140" elapsed="0.000059"/>
</kw>
<kw name="Page Should Contain Element" owner="SeleniumLibrary">
<arg>id:login-button</arg>
<doc>Verifies that element ``locator`` is found on the current page.</doc>
<status status="NOT RUN" start="2025-12-21T18:29:14.185571" elapsed="0.000059"/>
</kw>
<status status="FAIL" start="2025-12-21T18:29:03.542976" elapsed="10.643492">Element 'id:user-name' not visible after 10 seconds.</status>
</test>
<test id="s1-t4" name="Test-Case-4 Cart Icon Visibility" line="32">
<kw name="Login User" owner="login_page">
<kw name="Wait Until Element Is Visible" owner="SeleniumLibrary">
<msg time="2025-12-21T18:29:25.208171" level="INFO" html="true">&lt;/td&gt;&lt;/tr&gt;&lt;tr&gt;&lt;td colspan="3"&gt;&lt;a href="selenium-screenshot-3.png"&gt;&lt;img src="selenium-screenshot-3.png" width="800px"&gt;&lt;/a&gt;</msg>
<msg time="2025-12-21T18:29:25.208544" level="FAIL">Element 'id:user-name' not visible after 10 seconds.</msg>
<arg>id:user-name</arg>
<arg>10s</arg>
<doc>Waits until the element ``locator`` is visible.</doc>
<status status="FAIL" start="2025-12-21T18:29:14.194834" elapsed="11.016550">Element 'id:user-name' not visible after 10 seconds.</status>
</kw>
<kw name="Wait Until Element Is Enabled" owner="SeleniumLibrary">
<arg>id:user-name</arg>
<arg>10s</arg>
<doc>Waits until the element ``locator`` is enabled.</doc>
<status status="NOT RUN" start="2025-12-21T18:29:25.211856" elapsed="0.000100"/>
</kw>
<kw name="Clear Element Text" owner="SeleniumLibrary">
<arg>id:user-name</arg>
<doc>Clears the value of the text-input-element identified by ``locator``.</doc>
<status status="NOT RUN" start="2025-12-21T18:29:25.212258" elapsed="0.000075"/>
</kw>
<kw name="Input Text" owner="SeleniumLibrary">
<arg>id:user-name</arg>
<arg>${username}</arg>
<doc>Types the given ``text`` into the text field identified by ``locator``.</doc>
<status status="NOT RUN" start="2025-12-21T18:29:25.212615" elapsed="0.000078"/>
</kw>
<kw name="Clear Element Text" owner="SeleniumLibrary">
<arg>id:password</arg>
<doc>Clears the value of the text-input-element identified by ``locator``.</doc>
<status status="NOT RUN" start="2025-12-21T18:29:25.212980" elapsed="0.000074"/>
</kw>
<kw name="Input Text" owner="SeleniumLibrary">
<arg>id:password</arg>
<arg>${password}</arg>
<doc>Types the given ``text`` into the text field identified by ``locator``.</doc>
<status status="NOT RUN" start="2025-12-21T18:29:25.213333" elapsed="0.000076"/>
</kw>
<kw name="Wait Until Element Is Enabled" owner="SeleniumLibrary">
<arg>id:login-button</arg>
<doc>Waits until the element ``locator`` is enabled.</doc>
<status status="NOT RUN" start="2025-12-21T18:29:25.213828" elapsed="0.000085"/>
</kw>
<kw name="Click Button" owner="SeleniumLibrary">
<arg>id:login-button</arg>
<doc>Clicks the button identified by ``locator``.</doc>
<status status="NOT RUN" start="2025-12-21T18:29:25.214195" elapsed="0.000078"/>
</kw>
<arg>standard_user</arg>
<arg>${PASSWORD}</arg>
<status status="FAIL" start="2025-12-21T18:29:14.188855" elapsed="11.025700">Element 'id:user-name' not visible after 10 seconds.</status>
</kw>
<kw name="Verify Cart Icon Visible" owner="products_page">
<status status="NOT RUN" start="2025-12-21T18:29:25.215256" elapsed="0.000102"/>
</kw>
<status status="FAIL" start="2025-12-21T18:29:14.187814" elapsed="11.028069">Element 'id:user-name' not visible after 10 seconds.</status>
</test>
<test id="s1-t5" name="Test-Case-5 Random Product Selection" line="36">
<kw name="Select Random Products" owner="products_page">
<kw name="Get WebElements" owner="SeleniumLibrary">
<msg time="2025-12-21T18:29:25.451184" level="INFO">${items} = [&lt;selenium.webdriver.remote.webelement.WebElement (session="308a08800a762e70fcc55011475d9af1", element="f.D1996D010556D664A009F72C11E3CC99.d.7C6D8D641FCC5785C0793B4A8D54F6F5.e.91")&gt;, &lt;selenium.webdriv...</msg>
<var>${items}</var>
<arg>css:.inventory_item</arg>
<doc>Returns a list of WebElement objects matching the ``locator``.</doc>
<status status="PASS" start="2025-12-21T18:29:25.219361" elapsed="0.232131"/>
</kw>
<kw name="Get Slice From List" owner="Collections">
<msg time="2025-12-21T18:29:25.454297" level="INFO">${random_items} = [&lt;selenium.webdriver.remote.webelement.WebElement (session="308a08800a762e70fcc55011475d9af1", element="f.D1996D010556D664A009F72C11E3CC99.d.7C6D8D641FCC5785C0793B4A8D54F6F5.e.91")&gt;, &lt;selenium.webdriv...</msg>
<var>${random_items}</var>
<arg>${items}</arg>
<arg>0</arg>
<arg>4</arg>
<doc>Returns a slice of the given list between ``start`` and ``end`` indexes.</doc>
<status status="PASS" start="2025-12-21T18:29:25.452488" elapsed="0.002069"/>
</kw>
<for flavor="IN">
<iter>
<kw name="Click Element" owner="SeleniumLibrary">
<msg time="2025-12-21T18:29:25.458322" level="INFO">Clicking element 'xpath=.//button[text()='Add to cart']'.</msg>
<arg>xpath=.//button[text()='Add to cart']</arg>
<doc>Click the element identified by ``locator``.</doc>
<status status="PASS" start="2025-12-21T18:29:25.457161" elapsed="0.583776"/>
</kw>
<var name="${item}">&lt;selenium.webdriver.remote.webelement.WebElement (session="308a08800a762e70fcc55011475d9af1", element="f.D1996D010556D664A009F72C11E3CC99.d.7C6D8D641FCC5785C0793B4A8D54F6F5.e.91")&gt;</var>
<status status="PASS" start="2025-12-21T18:29:25.456357" elapsed="0.585225"/>
</iter>
<iter>
<kw name="Click Element" owner="SeleniumLibrary">
<msg time="2025-12-21T18:29:26.044799" level="INFO">Clicking element 'xpath=.//button[text()='Add to cart']'.</msg>
<arg>xpath=.//button[text()='Add to cart']</arg>
<doc>Click the element identified by ``locator``.</doc>
<status status="PASS" start="2025-12-21T18:29:26.043545" elapsed="0.529874"/>
</kw>
<var name="${item}">&lt;selenium.webdriver.remote.webelement.WebElement (session="308a08800a762e70fcc55011475d9af1", element="f.D1996D010556D664A009F72C11E3CC99.d.7C6D8D641FCC5785C0793B4A8D54F6F5.e.92")&gt;</var>
<status status="PASS" start="2025-12-21T18:29:26.042671" elapsed="0.531333"/>
</iter>
<iter>
<kw name="Click Element" owner="SeleniumLibrary">
<msg time="2025-12-21T18:29:26.576708" level="INFO">Clicking element 'xpath=.//button[text()='Add to cart']'.</msg>
<arg>xpath=.//button[text()='Add to cart']</arg>
<doc>Click the element identified by ``locator``.</doc>
<status status="PASS" start="2025-12-21T18:29:26.575659" elapsed="0.524616"/>
</kw>
<var name="${item}">&lt;selenium.webdriver.remote.webelement.WebElement (session="308a08800a762e70fcc55011475d9af1", element="f.D1996D010556D664A009F72C11E3CC99.d.7C6D8D641FCC5785C0793B4A8D54F6F5.e.93")&gt;</var>
<status status="PASS" start="2025-12-21T18:29:26.574898" elapsed="0.525527"/>
</iter>
<iter>
<kw name="Click Element" owner="SeleniumLibrary">
<msg time="2025-12-21T18:29:27.101221" level="INFO">Clicking element 'xpath=.//button[text()='Add to cart']'.</msg>
<arg>xpath=.//button[text()='Add to cart']</arg>
<doc>Click the element identified by ``locator``.</doc>
<status status="PASS" start="2025-12-21T18:29:27.100906" elapsed="0.512738"/>
</kw>
<var name="${item}">&lt;selenium.webdriver.remote.webelement.WebElement (session="308a08800a762e70fcc55011475d9af1", element="f.D1996D010556D664A009F72C11E3CC99.d.7C6D8D641FCC5785C0793B4A8D54F6F5.e.94")&gt;</var>
<status status="PASS" start="2025-12-21T18:29:27.100677" elapsed="0.513174"/>
</iter>
<var>${item}</var>
<value>@{random_items}</value>
<status status="PASS" start="2025-12-21T18:29:25.455194" elapsed="2.158827"/>
</for>
<status status="PASS" start="2025-12-21T18:29:25.218623" elapsed="2.395675"/>
</kw>
<status status="PASS" start="2025-12-21T18:29:25.217242" elapsed="2.397578"/>
</test>
<test id="s1-t6" name="Test-Case-6 Validate Cart Count" line="39">
<kw name="Verify Cart Count" owner="products_page">
<kw name="Element Text Should Be" owner="SeleniumLibrary">
<msg time="2025-12-21T18:29:27.617689" level="INFO">Verifying element 'class:shopping_cart_badge' contains exact text '4'.</msg>
<msg time="2025-12-21T18:29:28.622720" level="INFO" html="true">&lt;/td&gt;&lt;/tr&gt;&lt;tr&gt;&lt;td colspan="3"&gt;&lt;a href="selenium-screenshot-4.png"&gt;&lt;img src="selenium-screenshot-4.png" width="800px"&gt;&lt;/a&gt;</msg>
<msg time="2025-12-21T18:29:28.623017" level="FAIL">The text of element 'class:shopping_cart_badge' should have been '4' but it was '2'.</msg>
<arg>class:shopping_cart_badge</arg>
<arg>4</arg>
<doc>Verifies that element ``locator`` contains exact the text ``expected``.</doc>
<status status="FAIL" start="2025-12-21T18:29:27.617361" elapsed="1.008821">The text of element 'class:shopping_cart_badge' should have been '4' but it was '2'.</status>
</kw>
<status status="FAIL" start="2025-12-21T18:29:27.616878" elapsed="1.009566">The text of element 'class:shopping_cart_badge' should have been '4' but it was '2'.</status>
</kw>
<status status="FAIL" start="2025-12-21T18:29:27.615888" elapsed="1.011067">The text of element 'class:shopping_cart_badge' should have been '4' but it was '2'.</status>
</test>
<test id="s1-t7" name="Test-Case-7 Validate Cart Details" line="42">
<kw name="Open Cart" owner="cart_page">
<kw name="Click Element" owner="SeleniumLibrary">
<msg time="2025-12-21T18:29:28.631140" level="INFO">Clicking element 'class:shopping_cart_link'.</msg>
<arg>class:shopping_cart_link</arg>
<doc>Click the element identified by ``locator``.</doc>
<status status="PASS" start="2025-12-21T18:29:28.630545" elapsed="0.557981"/>
</kw>
<status status="PASS" start="2025-12-21T18:29:28.629636" elapsed="0.559294"/>
</kw>
<kw name="Verify Cart Items Present" owner="cart_page">
<kw name="Page Should Contain Element" owner="SeleniumLibrary">
<msg time="2025-12-21T18:29:29.410997" level="INFO">Current page contains element 'class:cart_item'.</msg>
<arg>class:cart_item</arg>
<doc>Verifies that element ``locator`` is found on the current page.</doc>
<status status="PASS" start="2025-12-21T18:29:29.189953" elapsed="0.221216"/>
</kw>
<status status="PASS" start="2025-12-21T18:29:29.189471" elapsed="0.221871"/>
</kw>
<status status="PASS" start="2025-12-21T18:29:28.628245" elapsed="0.783529"/>
</test>
<test id="s1-t8" name="Test-Case-8 Checkout And Validate Order" line="46">
<kw name="Checkout Process" owner="checkout_page">
<kw name="Click Button" owner="SeleniumLibrary">
<msg time="2025-12-21T18:29:29.414679" level="INFO">Clicking button 'id:checkout'.</msg>
<arg>id:checkout</arg>
<doc>Clicks the button identified by ``locator``.</doc>
<status status="PASS" start="2025-12-21T18:29:29.414384" elapsed="1.186867"/>
</kw>
<kw name="Input Text" owner="SeleniumLibrary">
<msg time="2025-12-21T18:29:30.603099" level="INFO">Typing text 'Test' into text field 'id:first-name'.</msg>
<arg>id:first-name</arg>
<arg>${FIRST_NAME}</arg>
<doc>Types the given ``text`` into the text field identified by ``locator``.</doc>
<status status="PASS" start="2025-12-21T18:29:30.602325" elapsed="0.806561"/>
</kw>
<kw name="Input Text" owner="SeleniumLibrary">
<msg time="2025-12-21T18:29:31.409621" level="INFO">Typing text 'User' into text field 'id:last-name'.</msg>
<arg>id:last-name</arg>
<arg>${LAST_NAME}</arg>
<doc>Types the given ``text`` into the text field identified by ``locator``.</doc>
<status status="PASS" start="2025-12-21T18:29:31.409217" elapsed="0.768587"/>
</kw>
<kw name="Input Text" owner="SeleniumLibrary">
<msg time="2025-12-21T18:29:32.178472" level="INFO">Typing text '12345' into text field 'id:postal-code'.</msg>
<arg>id:postal-code</arg>
<arg>${ZIP}</arg>
<doc>Types the given ``text`` into the text field identified by ``locator``.</doc>
<status status="PASS" start="2025-12-21T18:29:32.178111" elapsed="0.774615"/>
</kw>
<kw name="Click Button" owner="SeleniumLibrary">
<msg time="2025-12-21T18:29:32.953368" level="INFO">Clicking button 'id:continue'.</msg>
<arg>id:continue</arg>
<doc>Clicks the button identified by ``locator``.</doc>
<status status="PASS" start="2025-12-21T18:29:32.953060" elapsed="0.789528"/>
</kw>
<kw name="Capture Page Screenshot" owner="SeleniumLibrary">
<msg time="2025-12-21T18:29:34.130392" level="INFO" html="true">&lt;/td&gt;&lt;/tr&gt;&lt;tr&gt;&lt;td colspan="3"&gt;&lt;a href="selenium-screenshot-5.png"&gt;&lt;img src="selenium-screenshot-5.png" width="800px"&gt;&lt;/a&gt;</msg>
<doc>Takes a screenshot of the current page and embeds it into a log file.</doc>
<status status="PASS" start="2025-12-21T18:29:33.742924" elapsed="0.387636"/>
</kw>
<kw name="Click Button" owner="SeleniumLibrary">
<msg time="2025-12-21T18:29:34.131144" level="INFO">Clicking button 'id:finish'.</msg>
<msg time="2025-12-21T18:29:34.976908" level="INFO" html="true">&lt;/td&gt;&lt;/tr&gt;&lt;tr&gt;&lt;td colspan="3"&gt;&lt;a href="selenium-screenshot-6.png"&gt;&lt;img src="selenium-screenshot-6.png" width="800px"&gt;&lt;/a&gt;</msg>
<msg time="2025-12-21T18:29:34.977146" level="FAIL">Button with locator 'id:finish' not found.</msg>
<arg>id:finish</arg>
<doc>Clicks the button identified by ``locator``.</doc>
<status status="FAIL" start="2025-12-21T18:29:34.130841" elapsed="0.850852">Button with locator 'id:finish' not found.</status>
</kw>
<status status="FAIL" start="2025-12-21T18:29:29.413882" elapsed="5.568050">Button with locator 'id:finish' not found.</status>
</kw>
<kw name="Verify Order Success" owner="checkout_page">
<status status="NOT RUN" start="2025-12-21T18:29:34.982471" elapsed="0.000073"/>
</kw>
<status status="FAIL" start="2025-12-21T18:29:29.412810" elapsed="5.570139">Button with locator 'id:finish' not found.</status>
</test>
<test id="s1-t9" name="Test-Case-9 Validate Sorting" line="50">
<kw name="Login User" owner="login_page">
<kw name="Wait Until Element Is Visible" owner="SeleniumLibrary">
<msg time="2025-12-21T18:29:45.413291" level="INFO" html="true">&lt;/td&gt;&lt;/tr&gt;&lt;tr&gt;&lt;td colspan="3"&gt;&lt;a href="selenium-screenshot-7.png"&gt;&lt;img src="selenium-screenshot-7.png" width="800px"&gt;&lt;/a&gt;</msg>
<msg time="2025-12-21T18:29:45.413590" level="FAIL">Element 'id:user-name' not visible after 10 seconds.</msg>
<arg>id:user-name</arg>
<arg>10s</arg>
<doc>Waits until the element ``locator`` is visible.</doc>
<status status="FAIL" start="2025-12-21T18:29:34.985821" elapsed="10.429634">Element 'id:user-name' not visible after 10 seconds.</status>
</kw>
<kw name="Wait Until Element Is Enabled" owner="SeleniumLibrary">
<arg>id:user-name</arg>
<arg>10s</arg>
<doc>Waits until the element ``locator`` is enabled.</doc>
<status status="NOT RUN" start="2025-12-21T18:29:45.415757" elapsed="0.000063"/>
</kw>
<kw name="Clear Element Text" owner="SeleniumLibrary">
<arg>id:user-name</arg>
<doc>Clears the value of the text-input-element identified by ``locator``.</doc>
<status status="NOT RUN" start="2025-12-21T18:29:45.416002" elapsed="0.000048"/>
</kw>
<kw name="Input Text" owner="SeleniumLibrary">
<arg>id:user-name</arg>
<arg>${username}</arg>
<doc>Types the given ``text`` into the text field identified by ``locator``.</doc>
<status status="NOT RUN" start="2025-12-21T18:29:45.416216" elapsed="0.000046"/>
</kw>
<kw name="Clear Element Text" owner="SeleniumLibrary">
<arg>id:password</arg>
<doc>Clears the value of the text-input-element identified by ``locator``.</doc>
<status status="NOT RUN" start="2025-12-21T18:29:45.416424" elapsed="0.000044"/>
</kw>
<kw name="Input Text" owner="SeleniumLibrary">
<arg>id:password</arg>
<arg>${password}</arg>
<doc>Types the given ``text`` into the text field identified by ``locator``.</doc>
<status status="NOT RUN" start="2025-12-21T18:29:45.416626" elapsed="0.000044"/>
</kw>
<kw name="Wait Until Element Is Enabled" owner="SeleniumLibrary">
<arg>id:login-button</arg>
<doc>Waits until the element ``locator`` is enabled.</doc>
<status status="NOT RUN" start="2025-12-21T18:29:45.416835" elapsed="0.000044"/>
</kw>
<kw name="Click Button" owner="SeleniumLibrary">
<arg>id:login-button</arg>
<doc>Clicks the button identified by ``locator``.</doc>
<status status="NOT RUN" start="2025-12-21T18:29:45.417035" elapsed="0.000044"/>
</kw>
<arg>standard_user</arg>
<arg>${PASSWORD}</arg>
<status status="FAIL" start="2025-12-21T18:29:34.985208" elapsed="10.432033">Element 'id:user-name' not visible after 10 seconds.</status>
</kw>
<kw name="Change Sort Order" owner="products_page">
<arg>az</arg>
<status status="NOT RUN" start="2025-12-21T18:29:45.417784" elapsed="0.000070"/>
</kw>
<kw name="Change Sort Order" owner="products_page">
<arg>za</arg>
<status status="NOT RUN" start="2025-12-21T18:29:45.418275" elapsed="0.000072"/>
</kw>
<kw name="Change Sort Order" owner="products_page">
<arg>lohi</arg>
<status status="NOT RUN" start="2025-12-21T18:29:45.418748" elapsed="0.000064"/>
</kw>
<kw name="Change Sort Order" owner="products_page">
<arg>hilo</arg>
<status status="NOT RUN" start="2025-12-21T18:29:45.419217" elapsed="0.000063"/>
</kw>
<status status="FAIL" start="2025-12-21T18:29:34.984211" elapsed="10.435463">Element 'id:user-name' not visible after 10 seconds.</status>
</test>
<test id="s1-t10" name="Test-Case-10 Reset App State Validation" line="57">
<kw name="Reset App State" owner="cart_page">
<kw name="Run Keyword And Ignore Error" owner="BuiltIn">
<kw name="Click Element" owner="SeleniumLibrary">
<msg time="2025-12-21T18:29:45.423321" level="INFO">Clicking element 'id:react-burger-menu-btn'.</msg>
<arg>id:react-burger-menu-btn</arg>
<doc>Click the element identified by ``locator``.</doc>
<status status="PASS" start="2025-12-21T18:29:45.423033" elapsed="0.518902"/>
</kw>
<arg>Click Element</arg>
<arg>id:react-burger-menu-btn</arg>
<doc>Runs the given keyword with the given arguments and ignores possible error.</doc>
<status status="PASS" start="2025-12-21T18:29:45.422397" elapsed="0.519763"/>
</kw>
<kw name="Run Keyword And Ignore Error" owner="BuiltIn">
<kw name="Click Element" owner="SeleniumLibrary">
<msg time="2025-12-21T18:29:45.943622" level="INFO">Clicking element 'id:reset_sidebar_link'.</msg>
<arg>id:reset_sidebar_link</arg>
<doc>Click the element identified by ``locator``.</doc>
<status status="PASS" start="2025-12-21T18:29:45.943281" elapsed="0.544912"/>
</kw>
<arg>Click Element</arg>
<arg>id:reset_sidebar_link</arg>
<doc>Runs the given keyword with the given arguments and ignores possible error.</doc>
<status status="PASS" start="2025-12-21T18:29:45.942526" elapsed="0.545836"/>
</kw>
<status status="PASS" start="2025-12-21T18:29:45.421896" elapsed="1.066601"/>
</kw>
<status status="PASS" start="2025-12-21T18:29:45.420916" elapsed="1.068005"/>
</test>
<kw name="Close Browser Session" owner="common_keywords" type="TEARDOWN">
<kw name="Close Browser" owner="SeleniumLibrary">
<doc>Closes the current browser.</doc>
<status status="PASS" start="2025-12-21T18:29:46.491083" elapsed="2.663820"/>
</kw>
<status status="PASS" start="2025-12-21T18:29:46.490717" elapsed="2.664364"/>
</kw>
<status status="FAIL" start="2025-12-21T18:28:20.491621" elapsed="88.663541"/>
</suite>
<statistics>
<total>
<stat pass="4" fail="6" skip="0">All Tests</stat>
</total>
<tag>
</tag>
<suite>
<stat name="Test Suite" id="s1" pass="4" fail="6" skip="0">Test Suite</stat>
</suite>
</statistics>
<errors>
</errors>
</robot>
